<?xml version="1.0" encoding="UTF-8"?>
<coverage generated="1732744206867" clover="3.2.0">
  <project timestamp="1732744206867" name="All files">
    <metrics statements="8" coveredstatements="8" conditionals="4" coveredconditionals="3" methods="1" coveredmethods="1" elements="13" coveredelements="12" complexity="0" loc="8" ncloc="8" packages="1" files="1" classes="1"/>
    <file name="calculadora.js" path="C:\Users\Vyni\Documents\node\calculadora.js">
      <metrics statements="8" coveredstatements="8" conditionals="4" coveredconditionals="3" methods="1" coveredmethods="1"/>
      <line num="2" count="2" type="stmt"/>
      <line num="4" count="2" type="cond" truecount="2" falsecount="0"/>
      <line num="5" count="1" type="stmt"/>
      <line num="6" count="1" type="stmt"/>
      <line num="9" count="1" type="cond" truecount="1" falsecount="1"/>
      <line num="10" count="1" type="stmt"/>
      <line num="11" count="1" type="stmt"/>
      <line num="15" count="1" type="stmt"/>
    </file>
  </project>
</coverage>
