{"C:\\Users\\Vyni\\Documents\\node\\calculadora.js": {"path":"C:\\Users\\Vyni\\Documents\\node\\calculadora.js","statementMap":{"0":{"start":{"line":2,"column":26},"end":{"line":2,"column":27}},"1":{"start":{"line":4,"column":3},"end":{"line":7,"column":4}},"2":{"start":{"line":5,"column":6},"end":{"line":5,"column":48}},"3":{"start":{"line":6,"column":6},"end":{"line":6,"column":30}},"4":{"start":{"line":9,"column":3},"end":{"line":12,"column":4}},"5":{"start":{"line":10,"column":6},"end":{"line":10,"column":47}},"6":{"start":{"line":11,"column":6},"end":{"line":11,"column":30}},"7":{"start":{"line":15,"column":0},"end":{"line":15,"column":29}}},"fnMap":{"0":{"name":"kmRodados","decl":{"start":{"line":1,"column":9},"end":{"line":1,"column":18}},"loc":{"start":{"line":1,"column":42},"end":{"line":13,"column":1}},"line":1}},"branchMap":{"0":{"loc":{"start":{"line":4,"column":3},"end":{"line":7,"column":4}},"type":"if","locations":[{"start":{"line":4,"column":3},"end":{"line":7,"column":4}},{"start":{},"end":{}}],"line":4},"1":{"loc":{"start":{"line":9,"column":3},"end":{"line":12,"column":4}},"type":"if","locations":[{"start":{"line":9,"column":3},"end":{"line":12,"column":4}},{"start":{},"end":{}}],"line":9}},"s":{"0":2,"1":2,"2":1,"3":1,"4":1,"5":1,"6":1,"7":1},"f":{"0":2},"b":{"0":[1,1],"1":[1,0]},"_coverageSchema":"1a1c01bbd47fc00a2c39e90264f33305004495a9","hash":"2b1096075135ae196bb989b4e015b05ed856d79d"}
}
